{"/Users/polina/Desktop/rsschool/class-components/src/components/DetailedCard/DetailedCard.tsx": {"path":"/Users/polina/Desktop/rsschool/class-components/src/components/DetailedCard/DetailedCard.tsx","statementMap":{"0":{"start":{"line":2,"column":0},"end":{"line":2,"column":47}},"1":{"start":{"line":16,"column":50},"end":{"line":28,"column":1}},"2":{"start":{"line":17,"column":1},"end":{"line":17,"column":27}},"3":{"start":{"line":17,"column":15},"end":{"line":17,"column":27}},"4":{"start":{"line":19,"column":1},"end":{"line":27,"column":3}},"5":{"start":{"line":30,"column":0},"end":{"line":30,"column":28}}},"fnMap":{"0":{"name":"(anonymous_1)","decl":{"start":{"line":16,"column":50},"end":{"line":16,"column":51}},"loc":{"start":{"line":16,"column":66},"end":{"line":28,"column":1}}}},"branchMap":{"0":{"loc":{"start":{"line":17,"column":1},"end":{"line":17,"column":27}},"type":"if","locations":[{"start":{"line":17,"column":1},"end":{"line":17,"column":27}}]}},"s":{"0":1,"1":1,"2":2,"3":1,"4":1,"5":1},"f":{"0":2},"b":{"0":[1]}}
,"/Users/polina/Desktop/rsschool/class-components/src/components/Loader/Loader.tsx": {"path":"/Users/polina/Desktop/rsschool/class-components/src/components/Loader/Loader.tsx","statementMap":{"0":{"start":{"line":2,"column":0},"end":{"line":2,"column":41}},"1":{"start":{"line":4,"column":25},"end":{"line":10,"column":1}},"2":{"start":{"line":5,"column":1},"end":{"line":9,"column":3}},"3":{"start":{"line":12,"column":0},"end":{"line":12,"column":22}}},"fnMap":{"0":{"name":"(anonymous_1)","decl":{"start":{"line":4,"column":25},"end":{"line":4,"column":28}},"loc":{"start":{"line":4,"column":30},"end":{"line":10,"column":1}}}},"branchMap":{},"s":{"0":1,"1":1,"2":1,"3":1},"f":{"0":1},"b":{}}
,"/Users/polina/Desktop/rsschool/class-components/src/components/NotFound/NotFound.tsx": {"path":"/Users/polina/Desktop/rsschool/class-components/src/components/NotFound/NotFound.tsx","statementMap":{"0":{"start":{"line":2,"column":0},"end":{"line":2,"column":43}},"1":{"start":{"line":4,"column":27},"end":{"line":11,"column":1}},"2":{"start":{"line":5,"column":1},"end":{"line":10,"column":3}},"3":{"start":{"line":13,"column":0},"end":{"line":13,"column":24}}},"fnMap":{"0":{"name":"(anonymous_1)","decl":{"start":{"line":4,"column":27},"end":{"line":4,"column":30}},"loc":{"start":{"line":4,"column":32},"end":{"line":11,"column":1}}}},"branchMap":{},"s":{"0":1,"1":1,"2":1,"3":1},"f":{"0":1},"b":{}}
,"/Users/polina/Desktop/rsschool/class-components/src/components/Pagination/Pagination.tsx": {"path":"/Users/polina/Desktop/rsschool/class-components/src/components/Pagination/Pagination.tsx","statementMap":{"0":{"start":{"line":1,"column":0},"end":{"line":1,"column":26}},"1":{"start":{"line":2,"column":0},"end":{"line":2,"column":45}},"2":{"start":{"line":10,"column":46},"end":{"line":49,"column":1}},"3":{"start":{"line":11,"column":18},"end":{"line":27,"column":2}},"4":{"start":{"line":12,"column":16},"end":{"line":12,"column":18}},"5":{"start":{"line":13,"column":2},"end":{"line":25,"column":3}},"6":{"start":{"line":14,"column":3},"end":{"line":16,"column":4}},"7":{"start":{"line":14,"column":16},"end":{"line":14,"column":17}},"8":{"start":{"line":15,"column":4},"end":{"line":15,"column":18}},"9":{"start":{"line":18,"column":3},"end":{"line":24,"column":4}},"10":{"start":{"line":19,"column":4},"end":{"line":19,"column":39}},"11":{"start":{"line":20,"column":10},"end":{"line":24,"column":4}},"12":{"start":{"line":21,"column":4},"end":{"line":21,"column":78}},"13":{"start":{"line":23,"column":4},"end":{"line":23,"column":77}},"14":{"start":{"line":26,"column":2},"end":{"line":26,"column":15}},"15":{"start":{"line":29,"column":15},"end":{"line":29,"column":25}},"16":{"start":{"line":31,"column":1},"end":{"line":48,"column":3}},"17":{"start":{"line":34,"column":4},"end":{"line":34,"column":null}},"18":{"start":{"line":37,"column":21},"end":{"line":37,"column":39}},"19":{"start":{"line":51,"column":0},"end":{"line":51,"column":26}}},"fnMap":{"0":{"name":"(anonymous_1)","decl":{"start":{"line":10,"column":46},"end":{"line":10,"column":47}},"loc":{"start":{"line":10,"column":92},"end":{"line":49,"column":1}}},"1":{"name":"(anonymous_2)","decl":{"start":{"line":11,"column":18},"end":{"line":11,"column":21}},"loc":{"start":{"line":11,"column":23},"end":{"line":27,"column":2}}},"2":{"name":"(anonymous_3)","decl":{"start":{"line":33,"column":14},"end":{"line":33,"column":15}},"loc":{"start":{"line":34,"column":4},"end":{"line":34,"column":null}}},"3":{"name":"(anonymous_4)","decl":{"start":{"line":37,"column":15},"end":{"line":37,"column":18}},"loc":{"start":{"line":37,"column":21},"end":{"line":37,"column":39}}}},"branchMap":{"0":{"loc":{"start":{"line":13,"column":2},"end":{"line":25,"column":3}},"type":"if","locations":[{"start":{"line":13,"column":2},"end":{"line":25,"column":3}},{"start":{"line":17,"column":9},"end":{"line":25,"column":3}}]},"1":{"loc":{"start":{"line":18,"column":3},"end":{"line":24,"column":4}},"type":"if","locations":[{"start":{"line":18,"column":3},"end":{"line":24,"column":4}},{"start":{"line":20,"column":10},"end":{"line":24,"column":4}}]},"2":{"loc":{"start":{"line":20,"column":10},"end":{"line":24,"column":4}},"type":"if","locations":[{"start":{"line":20,"column":10},"end":{"line":24,"column":4}},{"start":{"line":22,"column":10},"end":{"line":24,"column":4}}]},"3":{"loc":{"start":{"line":36,"column":17},"end":{"line":36,"column":58}},"type":"cond-expr","locations":[{"start":{"line":36,"column":40},"end":{"line":36,"column":53}},{"start":{"line":36,"column":56},"end":{"line":36,"column":58}}]},"4":{"loc":{"start":{"line":42,"column":6},"end":{"line":43,"column":null}},"type":"binary-expr","locations":[{"start":{"line":42,"column":6},"end":{"line":42,"column":30}},{"start":{"line":42,"column":34},"end":{"line":42,"column":63}},{"start":{"line":43,"column":6},"end":{"line":43,"column":50}}]}},"s":{"0":1,"1":1,"2":1,"3":2,"4":2,"5":2,"6":2,"7":2,"8":10,"9":0,"10":0,"11":0,"12":0,"13":0,"14":2,"15":2,"16":2,"17":10,"18":1,"19":1},"f":{"0":2,"1":2,"2":10,"3":1},"b":{"0":[2,0],"1":[0,0],"2":[0,0],"3":[2,8],"4":[10,8,0]}}
,"/Users/polina/Desktop/rsschool/class-components/src/components/SearchBar/SearchBar.tsx": {"path":"/Users/polina/Desktop/rsschool/class-components/src/components/SearchBar/SearchBar.tsx","statementMap":{"0":{"start":{"line":1,"column":0},"end":{"line":1,"column":85}},"1":{"start":{"line":2,"column":0},"end":{"line":2,"column":54}},"2":{"start":{"line":3,"column":0},"end":{"line":3,"column":44}},"3":{"start":{"line":9,"column":44},"end":{"line":57,"column":1}},"4":{"start":{"line":10,"column":37},"end":{"line":10,"column":52}},"5":{"start":{"line":11,"column":37},"end":{"line":11,"column":57}},"6":{"start":{"line":12,"column":39},"end":{"line":12,"column":76}},"7":{"start":{"line":14,"column":27},"end":{"line":16,"column":2}},"8":{"start":{"line":15,"column":2},"end":{"line":15,"column":36}},"9":{"start":{"line":18,"column":22},"end":{"line":25,"column":2}},"10":{"start":{"line":19,"column":28},"end":{"line":19,"column":45}},"11":{"start":{"line":20,"column":2},"end":{"line":22,"column":3}},"12":{"start":{"line":21,"column":3},"end":{"line":21,"column":33}},"13":{"start":{"line":23,"column":2},"end":{"line":23,"column":35}},"14":{"start":{"line":24,"column":2},"end":{"line":24,"column":20}},"15":{"start":{"line":27,"column":26},"end":{"line":30,"column":2}},"16":{"start":{"line":28,"column":2},"end":{"line":28,"column":25}},"17":{"start":{"line":29,"column":2},"end":{"line":29,"column":17}},"18":{"start":{"line":32,"column":21},"end":{"line":34,"column":2}},"19":{"start":{"line":33,"column":2},"end":{"line":33,"column":21}},"20":{"start":{"line":36,"column":1},"end":{"line":40,"column":33}},"21":{"start":{"line":37,"column":2},"end":{"line":39,"column":3}},"22":{"start":{"line":38,"column":3},"end":{"line":38,"column":21}},"23":{"start":{"line":42,"column":1},"end":{"line":56,"column":3}},"24":{"start":{"line":59,"column":0},"end":{"line":59,"column":25}}},"fnMap":{"0":{"name":"(anonymous_1)","decl":{"start":{"line":9,"column":44},"end":{"line":9,"column":45}},"loc":{"start":{"line":9,"column":63},"end":{"line":57,"column":1}}},"1":{"name":"(anonymous_2)","decl":{"start":{"line":14,"column":27},"end":{"line":14,"column":28}},"loc":{"start":{"line":14,"column":68},"end":{"line":16,"column":2}}},"2":{"name":"(anonymous_3)","decl":{"start":{"line":18,"column":22},"end":{"line":18,"column":25}},"loc":{"start":{"line":18,"column":27},"end":{"line":25,"column":2}}},"3":{"name":"(anonymous_4)","decl":{"start":{"line":27,"column":26},"end":{"line":27,"column":27}},"loc":{"start":{"line":27,"column":64},"end":{"line":30,"column":2}}},"4":{"name":"(anonymous_5)","decl":{"start":{"line":32,"column":21},"end":{"line":32,"column":24}},"loc":{"start":{"line":32,"column":26},"end":{"line":34,"column":2}}},"5":{"name":"(anonymous_6)","decl":{"start":{"line":36,"column":11},"end":{"line":36,"column":14}},"loc":{"start":{"line":36,"column":16},"end":{"line":40,"column":2}}}},"branchMap":{"0":{"loc":{"start":{"line":12,"column":48},"end":{"line":12,"column":75}},"type":"cond-expr","locations":[{"start":{"line":12,"column":61},"end":{"line":12,"column":63}},{"start":{"line":12,"column":66},"end":{"line":12,"column":75}}]},"1":{"loc":{"start":{"line":20,"column":2},"end":{"line":22,"column":3}},"type":"if","locations":[{"start":{"line":20,"column":2},"end":{"line":22,"column":3}}]},"2":{"loc":{"start":{"line":37,"column":2},"end":{"line":39,"column":3}},"type":"if","locations":[{"start":{"line":37,"column":2},"end":{"line":39,"column":3}}]}},"s":{"0":1,"1":1,"2":1,"3":1,"4":8,"5":8,"6":8,"7":8,"8":2,"9":8,"10":2,"11":2,"12":2,"13":2,"14":2,"15":8,"16":2,"17":2,"18":8,"19":0,"20":8,"21":8,"22":5,"23":8,"24":1},"f":{"0":8,"1":2,"2":2,"3":2,"4":0,"5":8},"b":{"0":[1,7],"1":[2],"2":[5]}}
,"/Users/polina/Desktop/rsschool/class-components/src/components/SearchResults/SearchResults.tsx": {"path":"/Users/polina/Desktop/rsschool/class-components/src/components/SearchResults/SearchResults.tsx","statementMap":{"0":{"start":{"line":2,"column":0},"end":{"line":2,"column":48}},"1":{"start":{"line":18,"column":52},"end":{"line":76,"column":1}},"2":{"start":{"line":19,"column":24},"end":{"line":23,"column":2}},"3":{"start":{"line":20,"column":2},"end":{"line":22,"column":3}},"4":{"start":{"line":21,"column":3},"end":{"line":21,"column":24}},"5":{"start":{"line":25,"column":1},"end":{"line":49,"column":2}},"6":{"start":{"line":26,"column":2},"end":{"line":48,"column":4}},"7":{"start":{"line":32,"column":21},"end":{"line":32,"column":45}},"8":{"start":{"line":33,"column":28},"end":{"line":33,"column":62}},"9":{"start":{"line":51,"column":1},"end":{"line":75,"column":3}},"10":{"start":{"line":55,"column":5},"end":{"line":56,"column":null}},"11":{"start":{"line":58,"column":21},"end":{"line":58,"column":40}},"12":{"start":{"line":59,"column":28},"end":{"line":59,"column":57}},"13":{"start":{"line":78,"column":0},"end":{"line":78,"column":29}}},"fnMap":{"0":{"name":"(anonymous_1)","decl":{"start":{"line":18,"column":52},"end":{"line":18,"column":53}},"loc":{"start":{"line":18,"column":94},"end":{"line":76,"column":1}}},"1":{"name":"(anonymous_2)","decl":{"start":{"line":19,"column":24},"end":{"line":19,"column":25}},"loc":{"start":{"line":19,"column":73},"end":{"line":23,"column":2}}},"2":{"name":"(anonymous_3)","decl":{"start":{"line":32,"column":15},"end":{"line":32,"column":18}},"loc":{"start":{"line":32,"column":21},"end":{"line":32,"column":45}}},"3":{"name":"(anonymous_4)","decl":{"start":{"line":33,"column":17},"end":{"line":33,"column":18}},"loc":{"start":{"line":33,"column":28},"end":{"line":33,"column":62}}},"4":{"name":"(anonymous_5)","decl":{"start":{"line":54,"column":17},"end":{"line":54,"column":18}},"loc":{"start":{"line":55,"column":5},"end":{"line":56,"column":null}}},"5":{"name":"(anonymous_6)","decl":{"start":{"line":58,"column":15},"end":{"line":58,"column":18}},"loc":{"start":{"line":58,"column":21},"end":{"line":58,"column":40}}},"6":{"name":"(anonymous_7)","decl":{"start":{"line":59,"column":17},"end":{"line":59,"column":18}},"loc":{"start":{"line":59,"column":28},"end":{"line":59,"column":57}}}},"branchMap":{"0":{"loc":{"start":{"line":20,"column":2},"end":{"line":22,"column":3}},"type":"if","locations":[{"start":{"line":20,"column":2},"end":{"line":22,"column":3}}]},"1":{"loc":{"start":{"line":20,"column":6},"end":{"line":20,"column":48}},"type":"binary-expr","locations":[{"start":{"line":20,"column":6},"end":{"line":20,"column":27}},{"start":{"line":20,"column":31},"end":{"line":20,"column":48}}]},"2":{"loc":{"start":{"line":25,"column":1},"end":{"line":49,"column":2}},"type":"if","locations":[{"start":{"line":25,"column":1},"end":{"line":49,"column":2}}]},"3":{"loc":{"start":{"line":28,"column":5},"end":{"line":45,"column":null}},"type":"cond-expr","locations":[{"start":{"line":29,"column":5},"end":{"line":30,"column":null}},{"start":{"line":45,"column":5},"end":{"line":45,"column":29}}]},"4":{"loc":{"start":{"line":53,"column":4},"end":{"line":72,"column":null}},"type":"cond-expr","locations":[{"start":{"line":54,"column":4},"end":{"line":70,"column":6}},{"start":{"line":72,"column":4},"end":{"line":72,"column":28}}]}},"s":{"0":1,"1":1,"2":4,"3":0,"4":0,"5":4,"6":1,"7":0,"8":0,"9":3,"10":4,"11":1,"12":0,"13":1},"f":{"0":4,"1":0,"2":0,"3":0,"4":4,"5":1,"6":0},"b":{"0":[0],"1":[0,0],"2":[1],"3":[1,0],"4":[2,1]}}
,"/Users/polina/Desktop/rsschool/class-components/src/hooks/useSearchItem.tsx": {"path":"/Users/polina/Desktop/rsschool/class-components/src/hooks/useSearchItem.tsx","statementMap":{"0":{"start":{"line":1,"column":0},"end":{"line":1,"column":44}},"1":{"start":{"line":3,"column":22},"end":{"line":13,"column":1}},"2":{"start":{"line":4,"column":37},"end":{"line":4,"column":101}},"3":{"start":{"line":4,"column":60},"end":{"line":4,"column":100}},"4":{"start":{"line":6,"column":1},"end":{"line":10,"column":18}},"5":{"start":{"line":7,"column":2},"end":{"line":9,"column":4}},"6":{"start":{"line":8,"column":3},"end":{"line":8,"column":50}},"7":{"start":{"line":12,"column":1},"end":{"line":12,"column":45}},"8":{"start":{"line":15,"column":0},"end":{"line":15,"column":29}}},"fnMap":{"0":{"name":"(anonymous_0)","decl":{"start":{"line":3,"column":22},"end":{"line":3,"column":25}},"loc":{"start":{"line":3,"column":27},"end":{"line":13,"column":1}}},"1":{"name":"(anonymous_1)","decl":{"start":{"line":4,"column":54},"end":{"line":4,"column":57}},"loc":{"start":{"line":4,"column":60},"end":{"line":4,"column":100}}},"2":{"name":"(anonymous_2)","decl":{"start":{"line":6,"column":11},"end":{"line":6,"column":14}},"loc":{"start":{"line":6,"column":16},"end":{"line":10,"column":2}}},"3":{"name":"(anonymous_3)","decl":{"start":{"line":7,"column":9},"end":{"line":7,"column":12}},"loc":{"start":{"line":7,"column":14},"end":{"line":9,"column":3}}}},"branchMap":{"0":{"loc":{"start":{"line":4,"column":60},"end":{"line":4,"column":100}},"type":"binary-expr","locations":[{"start":{"line":4,"column":60},"end":{"line":4,"column":94}},{"start":{"line":4,"column":98},"end":{"line":4,"column":100}}]}},"s":{"0":2,"1":2,"2":4,"3":3,"4":4,"5":4,"6":4,"7":4,"8":2},"f":{"0":4,"1":3,"2":4,"3":4},"b":{"0":[3,2]}}
}
