TN:
SF:src/components/DetailedCard/DetailedCard.tsx
FN:16,(anonymous_1)
FNF:1
FNH:1
FNDA:2,(anonymous_1)
DA:2,1
DA:16,1
DA:17,2
DA:19,1
DA:30,1
LF:5
LH:5
BRDA:17,0,0,1
BRF:1
BRH:1
end_of_record
TN:
SF:src/components/Loader/Loader.tsx
FN:4,(anonymous_1)
FNF:1
FNH:1
FNDA:1,(anonymous_1)
DA:2,1
DA:4,1
DA:5,1
DA:12,1
LF:4
LH:4
BRF:0
BRH:0
end_of_record
TN:
SF:src/components/NotFound/NotFound.tsx
FN:4,(anonymous_1)
FNF:1
FNH:1
FNDA:1,(anonymous_1)
DA:2,1
DA:4,1
DA:5,1
DA:13,1
LF:4
LH:4
BRF:0
BRH:0
end_of_record
TN:
SF:src/components/Pagination/Pagination.tsx
FN:10,(anonymous_1)
FN:11,(anonymous_2)
FN:33,(anonymous_3)
FN:37,(anonymous_4)
FNF:4
FNH:4
FNDA:2,(anonymous_1)
FNDA:2,(anonymous_2)
FNDA:10,(anonymous_3)
FNDA:1,(anonymous_4)
DA:1,1
DA:2,1
DA:10,1
DA:11,2
DA:12,2
DA:13,2
DA:14,2
DA:15,10
DA:18,0
DA:19,0
DA:20,0
DA:21,0
DA:23,0
DA:26,2
DA:29,2
DA:31,2
DA:34,10
DA:37,1
DA:51,1
LF:19
LH:14
BRDA:13,0,0,2
BRDA:13,0,1,0
BRDA:18,1,0,0
BRDA:18,1,1,0
BRDA:20,2,0,0
BRDA:20,2,1,0
BRDA:36,3,0,2
BRDA:36,3,1,8
BRDA:42,4,0,10
BRDA:42,4,1,8
BRDA:42,4,2,0
BRF:11
BRH:5
end_of_record
TN:
SF:src/components/SearchBar/SearchBar.tsx
FN:9,(anonymous_1)
FN:14,(anonymous_2)
FN:18,(anonymous_3)
FN:27,(anonymous_4)
FN:32,(anonymous_5)
FN:36,(anonymous_6)
FNF:6
FNH:5
FNDA:8,(anonymous_1)
FNDA:2,(anonymous_2)
FNDA:2,(anonymous_3)
FNDA:2,(anonymous_4)
FNDA:0,(anonymous_5)
FNDA:8,(anonymous_6)
DA:1,1
DA:2,1
DA:3,1
DA:9,1
DA:10,8
DA:11,8
DA:12,8
DA:14,8
DA:15,2
DA:18,8
DA:19,2
DA:20,2
DA:21,2
DA:23,2
DA:24,2
DA:27,8
DA:28,2
DA:29,2
DA:32,8
DA:33,0
DA:36,8
DA:37,8
DA:38,5
DA:42,8
DA:59,1
LF:25
LH:24
BRDA:12,0,0,1
BRDA:12,0,1,7
BRDA:20,1,0,2
BRDA:37,2,0,5
BRF:4
BRH:4
end_of_record
TN:
SF:src/components/SearchResults/SearchResults.tsx
FN:18,(anonymous_1)
FN:19,(anonymous_2)
FN:32,(anonymous_3)
FN:33,(anonymous_4)
FN:54,(anonymous_5)
FN:58,(anonymous_6)
FN:59,(anonymous_7)
FNF:7
FNH:3
FNDA:4,(anonymous_1)
FNDA:0,(anonymous_2)
FNDA:0,(anonymous_3)
FNDA:0,(anonymous_4)
FNDA:4,(anonymous_5)
FNDA:1,(anonymous_6)
FNDA:0,(anonymous_7)
DA:2,1
DA:18,1
DA:19,4
DA:20,0
DA:21,0
DA:25,4
DA:26,1
DA:32,0
DA:33,0
DA:51,3
DA:55,4
DA:58,1
DA:59,0
DA:78,1
LF:14
LH:9
BRDA:20,0,0,0
BRDA:20,1,0,0
BRDA:20,1,1,0
BRDA:25,2,0,1
BRDA:28,3,0,1
BRDA:28,3,1,0
BRDA:53,4,0,2
BRDA:53,4,1,1
BRF:8
BRH:4
end_of_record
TN:
SF:src/hooks/useSearchItem.tsx
FN:3,(anonymous_0)
FN:4,(anonymous_1)
FN:6,(anonymous_2)
FN:7,(anonymous_3)
FNF:4
FNH:4
FNDA:4,(anonymous_0)
FNDA:3,(anonymous_1)
FNDA:4,(anonymous_2)
FNDA:4,(anonymous_3)
DA:1,2
DA:3,2
DA:4,4
DA:6,4
DA:7,4
DA:8,4
DA:12,4
DA:15,2
LF:8
LH:8
BRDA:4,0,0,3
BRDA:4,0,1,2
BRF:2
BRH:2
end_of_record
